<?xml version="1.0" encoding="UTF-8"?>
<coverage generated="1623530588442" clover="3.2.0">
  <project timestamp="1623530588443" name="All files">
    <metrics statements="143" coveredstatements="74" conditionals="33" coveredconditionals="7" methods="25" coveredmethods="3" elements="201" coveredelements="84" complexity="0" loc="143" ncloc="143" packages="5" files="8" classes="8"/>
    <package name="config">
      <metrics statements="17" coveredstatements="9" conditionals="4" coveredconditionals="0" methods="1" coveredmethods="0"/>
      <file name="passport.js" path="E:\Projects\nodejs-homework-rest-api\config\passport.js">
        <metrics statements="17" coveredstatements="9" conditionals="4" coveredconditionals="0" methods="1" coveredmethods="0"/>
        <line num="1" count="1" type="stmt"/>
        <line num="3" count="1" type="stmt"/>
        <line num="4" count="1" type="stmt"/>
        <line num="5" count="1" type="stmt"/>
        <line num="6" count="1" type="stmt"/>
        <line num="7" count="1" type="stmt"/>
        <line num="8" count="1" type="stmt"/>
        <line num="9" count="1" type="stmt"/>
        <line num="11" count="1" type="stmt"/>
        <line num="13" count="0" type="stmt"/>
        <line num="14" count="0" type="stmt"/>
        <line num="15" count="0" type="cond" truecount="0" falsecount="2"/>
        <line num="16" count="0" type="stmt"/>
        <line num="18" count="0" type="cond" truecount="0" falsecount="2"/>
        <line num="19" count="0" type="stmt"/>
        <line num="21" count="0" type="stmt"/>
        <line num="23" count="0" type="stmt"/>
      </file>
    </package>
    <package name="controllers">
      <metrics statements="42" coveredstatements="13" conditionals="8" coveredconditionals="1" methods="5" coveredmethods="1"/>
      <file name="contacts.js" path="E:\Projects\nodejs-homework-rest-api\controllers\contacts.js">
        <metrics statements="42" coveredstatements="13" conditionals="8" coveredconditionals="1" methods="5" coveredmethods="1"/>
        <line num="1" count="1" type="stmt"/>
        <line num="2" count="1" type="stmt"/>
        <line num="3" count="0" type="stmt"/>
        <line num="4" count="0" type="stmt"/>
        <line num="5" count="0" type="stmt"/>
        <line num="9" count="0" type="stmt"/>
        <line num="15" count="0" type="stmt"/>
        <line num="19" count="1" type="stmt"/>
        <line num="20" count="0" type="stmt"/>
        <line num="21" count="0" type="stmt"/>
        <line num="22" count="0" type="stmt"/>
        <line num="23" count="0" type="cond" truecount="0" falsecount="2"/>
        <line num="24" count="0" type="stmt"/>
        <line num="25" count="0" type="stmt"/>
        <line num="27" count="0" type="stmt"/>
        <line num="29" count="0" type="stmt"/>
        <line num="33" count="1" type="stmt"/>
        <line num="34" count="0" type="stmt"/>
        <line num="35" count="0" type="stmt"/>
        <line num="36" count="0" type="stmt"/>
        <line num="37" count="0" type="stmt"/>
        <line num="39" count="0" type="cond" truecount="0" falsecount="2"/>
        <line num="40" count="0" type="stmt"/>
        <line num="42" count="0" type="stmt"/>
        <line num="46" count="1" type="stmt"/>
        <line num="47" count="0" type="stmt"/>
        <line num="48" count="0" type="stmt"/>
        <line num="49" count="0" type="stmt"/>
        <line num="50" count="0" type="cond" truecount="0" falsecount="2"/>
        <line num="51" count="0" type="stmt"/>
        <line num="53" count="0" type="stmt"/>
        <line num="55" count="0" type="stmt"/>
        <line num="59" count="1" type="stmt"/>
        <line num="60" count="3" type="stmt"/>
        <line num="61" count="3" type="stmt"/>
        <line num="62" count="3" type="stmt"/>
        <line num="63" count="3" type="stmt"/>
        <line num="69" count="3" type="cond" truecount="1" falsecount="1"/>
        <line num="70" count="0" type="stmt"/>
        <line num="77" count="3" type="stmt"/>
        <line num="81" count="0" type="stmt"/>
        <line num="85" count="1" type="stmt"/>
      </file>
    </package>
    <package name="helpers">
      <metrics statements="20" coveredstatements="19" conditionals="7" coveredconditionals="6" methods="3" coveredmethods="2"/>
      <file name="constants.js" path="E:\Projects\nodejs-homework-rest-api\helpers\constants.js">
        <metrics statements="5" coveredstatements="4" conditionals="0" coveredconditionals="0" methods="1" coveredmethods="0"/>
        <line num="1" count="1" type="stmt"/>
        <line num="7" count="1" type="stmt"/>
        <line num="20" count="1" type="stmt"/>
        <line num="24" count="0" type="stmt"/>
        <line num="31" count="1" type="stmt"/>
      </file>
      <file name="guard.js" path="E:\Projects\nodejs-homework-rest-api\helpers\guard.js">
        <metrics statements="15" coveredstatements="15" conditionals="7" coveredconditionals="6" methods="2" coveredmethods="2"/>
        <line num="1" count="1" type="stmt"/>
        <line num="2" count="1" type="stmt"/>
        <line num="3" count="1" type="stmt"/>
        <line num="5" count="1" type="stmt"/>
        <line num="6" count="3" type="stmt"/>
        <line num="7" count="3" type="stmt"/>
        <line num="8" count="3" type="stmt"/>
        <line num="9" count="3" type="cond" truecount="1" falsecount="1"/>
        <line num="10" count="3" type="stmt"/>
        <line num="13" count="3" type="cond" truecount="5" falsecount="0"/>
        <line num="14" count="2" type="stmt"/>
        <line num="20" count="1" type="stmt"/>
        <line num="21" count="1" type="stmt"/>
        <line num="22" count="1" type="stmt"/>
        <line num="26" count="1" type="stmt"/>
      </file>
    </package>
    <package name="model">
      <metrics statements="30" coveredstatements="19" conditionals="2" coveredconditionals="0" methods="6" coveredmethods="0"/>
      <file name="contact.js" path="E:\Projects\nodejs-homework-rest-api\model\contact.js">
        <metrics statements="12" coveredstatements="9" conditionals="0" coveredconditionals="0" methods="2" coveredmethods="0"/>
        <line num="1" count="1" type="stmt"/>
        <line num="2" count="1" type="stmt"/>
        <line num="3" count="1" type="stmt"/>
        <line num="5" count="1" type="stmt"/>
        <line num="45" count="1" type="stmt"/>
        <line num="46" count="0" type="stmt"/>
        <line num="48" count="1" type="stmt"/>
        <line num="49" count="0" type="stmt"/>
        <line num="50" count="0" type="stmt"/>
        <line num="53" count="1" type="stmt"/>
        <line num="54" count="1" type="stmt"/>
        <line num="55" count="1" type="stmt"/>
      </file>
      <file name="user.js" path="E:\Projects\nodejs-homework-rest-api\model\user.js">
        <metrics statements="18" coveredstatements="10" conditionals="2" coveredconditionals="0" methods="4" coveredmethods="0"/>
        <line num="1" count="1" type="stmt"/>
        <line num="2" count="1" type="stmt"/>
        <line num="3" count="1" type="stmt"/>
        <line num="4" count="1" type="stmt"/>
        <line num="7" count="1" type="stmt"/>
        <line num="8" count="1" type="stmt"/>
        <line num="25" count="0" type="stmt"/>
        <line num="26" count="0" type="stmt"/>
        <line num="40" count="0" type="stmt"/>
        <line num="51" count="1" type="stmt"/>
        <line num="52" count="0" type="cond" truecount="0" falsecount="2"/>
        <line num="53" count="0" type="stmt"/>
        <line num="54" count="0" type="stmt"/>
        <line num="56" count="0" type="stmt"/>
        <line num="59" count="1" type="stmt"/>
        <line num="60" count="0" type="stmt"/>
        <line num="62" count="1" type="stmt"/>
        <line num="63" count="1" type="stmt"/>
      </file>
    </package>
    <package name="repositories">
      <metrics statements="34" coveredstatements="14" conditionals="12" coveredconditionals="0" methods="10" coveredmethods="0"/>
      <file name="contacts.js" path="E:\Projects\nodejs-homework-rest-api\repositories\contacts.js">
        <metrics statements="21" coveredstatements="7" conditionals="11" coveredconditionals="0" methods="5" coveredmethods="0"/>
        <line num="1" count="1" type="stmt"/>
        <line num="12" count="1" type="stmt"/>
        <line num="21" count="0" type="stmt"/>
        <line num="22" count="0" type="stmt"/>
        <line num="24" count="0" type="cond" truecount="0" falsecount="2"/>
        <line num="25" count="0" type="stmt"/>
        <line num="27" count="0" type="stmt"/>
        <line num="36" count="0" type="stmt"/>
        <line num="39" count="1" type="stmt"/>
        <line num="40" count="0" type="stmt"/>
        <line num="47" count="0" type="stmt"/>
        <line num="50" count="1" type="stmt"/>
        <line num="51" count="0" type="stmt"/>
        <line num="55" count="0" type="stmt"/>
        <line num="58" count="1" type="stmt"/>
        <line num="59" count="0" type="stmt"/>
        <line num="60" count="0" type="stmt"/>
        <line num="63" count="1" type="stmt"/>
        <line num="64" count="0" type="stmt"/>
        <line num="69" count="0" type="stmt"/>
        <line num="72" count="1" type="stmt"/>
      </file>
      <file name="users.js" path="E:\Projects\nodejs-homework-rest-api\repositories\users.js">
        <metrics statements="13" coveredstatements="7" conditionals="1" coveredconditionals="0" methods="5" coveredmethods="0"/>
        <line num="1" count="1" type="stmt"/>
        <line num="3" count="1" type="stmt"/>
        <line num="4" count="0" type="stmt"/>
        <line num="7" count="1" type="stmt"/>
        <line num="8" count="0" type="stmt"/>
        <line num="11" count="1" type="stmt"/>
        <line num="12" count="0" type="stmt"/>
        <line num="13" count="0" type="stmt"/>
        <line num="16" count="1" type="stmt"/>
        <line num="17" count="0" type="stmt"/>
        <line num="20" count="1" type="cond" truecount="0" falsecount="1"/>
        <line num="21" count="0" type="stmt"/>
        <line num="23" count="1" type="stmt"/>
      </file>
    </package>
  </project>
</coverage>
