{"E:\\Projects\\nodejs-homework-rest-api\\app.js": {"path":"E:\\Projects\\nodejs-homework-rest-api\\app.js","statementMap":{"0":{"start":{"line":1,"column":16},"end":{"line":1,"column":34}},"1":{"start":{"line":2,"column":15},"end":{"line":2,"column":32}},"2":{"start":{"line":3,"column":13},"end":{"line":3,"column":28}},"3":{"start":{"line":5,"column":15},"end":{"line":5,"column":32}},"4":{"start":{"line":6,"column":18},"end":{"line":6,"column":47}},"5":{"start":{"line":7,"column":19},"end":{"line":7,"column":51}},"6":{"start":{"line":8,"column":13},"end":{"line":8,"column":28}},"7":{"start":{"line":9,"column":23},"end":{"line":9,"column":53}},"8":{"start":{"line":10,"column":0},"end":{"line":10,"column":27}},"9":{"start":{"line":11,"column":24},"end":{"line":11,"column":51}},"10":{"start":{"line":13,"column":12},"end":{"line":13,"column":21}},"11":{"start":{"line":15,"column":22},"end":{"line":15,"column":72}},"12":{"start":{"line":17,"column":0},"end":{"line":17,"column":18}},"13":{"start":{"line":18,"column":0},"end":{"line":18,"column":63}},"14":{"start":{"line":19,"column":0},"end":{"line":19,"column":60}},"15":{"start":{"line":20,"column":0},"end":{"line":20,"column":16}},"16":{"start":{"line":21,"column":0},"end":{"line":21,"column":40}},"17":{"start":{"line":22,"column":0},"end":{"line":22,"column":22}},"18":{"start":{"line":23,"column":0},"end":{"line":23,"column":40}},"19":{"start":{"line":25,"column":0},"end":{"line":25,"column":42}},"20":{"start":{"line":27,"column":0},"end":{"line":29,"column":3}},"21":{"start":{"line":28,"column":2},"end":{"line":28,"column":77}},"22":{"start":{"line":31,"column":0},"end":{"line":38,"column":3}},"23":{"start":{"line":32,"column":17},"end":{"line":32,"column":34}},"24":{"start":{"line":33,"column":2},"end":{"line":37,"column":5}},"25":{"start":{"line":40,"column":0},"end":{"line":42,"column":3}},"26":{"start":{"line":41,"column":2},"end":{"line":41,"column":69}},"27":{"start":{"line":44,"column":0},"end":{"line":44,"column":21}}},"fnMap":{"0":{"name":"(anonymous_0)","decl":{"start":{"line":27,"column":8},"end":{"line":27,"column":9}},"loc":{"start":{"line":27,"column":22},"end":{"line":29,"column":1}},"line":27},"1":{"name":"(anonymous_1)","decl":{"start":{"line":31,"column":8},"end":{"line":31,"column":9}},"loc":{"start":{"line":31,"column":33},"end":{"line":38,"column":1}},"line":31},"2":{"name":"(anonymous_2)","decl":{"start":{"line":40,"column":33},"end":{"line":40,"column":34}},"loc":{"start":{"line":40,"column":54},"end":{"line":42,"column":1}},"line":40}},"branchMap":{"0":{"loc":{"start":{"line":15,"column":22},"end":{"line":15,"column":72}},"type":"cond-expr","locations":[{"start":{"line":15,"column":57},"end":{"line":15,"column":62}},{"start":{"line":15,"column":65},"end":{"line":15,"column":72}}],"line":15},"1":{"loc":{"start":{"line":19,"column":0},"end":{"line":19,"column":59}},"type":"binary-expr","locations":[{"start":{"line":19,"column":0},"end":{"line":19,"column":25}},{"start":{"line":19,"column":29},"end":{"line":19,"column":59}}],"line":19},"2":{"loc":{"start":{"line":32,"column":17},"end":{"line":32,"column":34}},"type":"binary-expr","locations":[{"start":{"line":32,"column":17},"end":{"line":32,"column":27}},{"start":{"line":32,"column":31},"end":{"line":32,"column":34}}],"line":32},"3":{"loc":{"start":{"line":34,"column":12},"end":{"line":34,"column":45}},"type":"cond-expr","locations":[{"start":{"line":34,"column":29},"end":{"line":34,"column":35}},{"start":{"line":34,"column":38},"end":{"line":34,"column":45}}],"line":34}},"s":{"0":2,"1":2,"2":2,"3":2,"4":2,"5":2,"6":2,"7":2,"8":2,"9":2,"10":2,"11":2,"12":2,"13":2,"14":2,"15":2,"16":2,"17":2,"18":2,"19":2,"20":2,"21":0,"22":2,"23":2,"24":2,"25":2,"26":0,"27":2},"f":{"0":0,"1":2,"2":0},"b":{"0":[0,2],"1":[2,0],"2":[2,2],"3":[2,0]},"_coverageSchema":"1a1c01bbd47fc00a2c39e90264f33305004495a9","hash":"65beaaa6332ea6ee14c4caa2342d2e301e36cd37"}
,"E:\\Projects\\nodejs-homework-rest-api\\config\\passport.js": {"path":"E:\\Projects\\nodejs-homework-rest-api\\config\\passport.js","statementMap":{"0":{"start":{"line":1,"column":17},"end":{"line":1,"column":36}},"1":{"start":{"line":3,"column":46},"end":{"line":3,"column":69}},"2":{"start":{"line":4,"column":0},"end":{"line":4,"column":27}},"3":{"start":{"line":5,"column":19},"end":{"line":5,"column":41}},"4":{"start":{"line":6,"column":14},"end":{"line":6,"column":46}},"5":{"start":{"line":7,"column":13},"end":{"line":7,"column":15}},"6":{"start":{"line":8,"column":0},"end":{"line":8,"column":63}},"7":{"start":{"line":9,"column":0},"end":{"line":9,"column":30}},"8":{"start":{"line":11,"column":0},"end":{"line":26,"column":2}},"9":{"start":{"line":13,"column":4},"end":{"line":24,"column":5}},"10":{"start":{"line":14,"column":19},"end":{"line":14,"column":51}},"11":{"start":{"line":15,"column":6},"end":{"line":17,"column":7}},"12":{"start":{"line":16,"column":8},"end":{"line":16,"column":49}},"13":{"start":{"line":18,"column":6},"end":{"line":20,"column":7}},"14":{"start":{"line":19,"column":8},"end":{"line":19,"column":33}},"15":{"start":{"line":21,"column":6},"end":{"line":21,"column":30}},"16":{"start":{"line":23,"column":6},"end":{"line":23,"column":23}}},"fnMap":{"0":{"name":"(anonymous_0)","decl":{"start":{"line":12,"column":24},"end":{"line":12,"column":25}},"loc":{"start":{"line":12,"column":49},"end":{"line":25,"column":3}},"line":12}},"branchMap":{"0":{"loc":{"start":{"line":15,"column":6},"end":{"line":17,"column":7}},"type":"if","locations":[{"start":{"line":15,"column":6},"end":{"line":17,"column":7}},{"start":{"line":15,"column":6},"end":{"line":17,"column":7}}],"line":15},"1":{"loc":{"start":{"line":18,"column":6},"end":{"line":20,"column":7}},"type":"if","locations":[{"start":{"line":18,"column":6},"end":{"line":20,"column":7}},{"start":{"line":18,"column":6},"end":{"line":20,"column":7}}],"line":18}},"s":{"0":3,"1":3,"2":3,"3":3,"4":3,"5":3,"6":3,"7":3,"8":3,"9":0,"10":0,"11":0,"12":0,"13":0,"14":0,"15":0,"16":0},"f":{"0":0},"b":{"0":[0,0],"1":[0,0]},"_coverageSchema":"1a1c01bbd47fc00a2c39e90264f33305004495a9","hash":"f564b20a127f84fa747d25ba11bca5fb737b5cf2"}
,"E:\\Projects\\nodejs-homework-rest-api\\controllers\\contacts.js": {"path":"E:\\Projects\\nodejs-homework-rest-api\\controllers\\contacts.js","statementMap":{"0":{"start":{"line":1,"column":17},"end":{"line":1,"column":52}},"1":{"start":{"line":2,"column":15},"end":{"line":17,"column":1}},"2":{"start":{"line":3,"column":2},"end":{"line":16,"column":3}},"3":{"start":{"line":4,"column":19},"end":{"line":4,"column":30}},"4":{"start":{"line":5,"column":40},"end":{"line":8,"column":5}},"5":{"start":{"line":9,"column":4},"end":{"line":13,"column":7}},"6":{"start":{"line":15,"column":4},"end":{"line":15,"column":16}},"7":{"start":{"line":19,"column":16},"end":{"line":33,"column":1}},"8":{"start":{"line":20,"column":2},"end":{"line":32,"column":3}},"9":{"start":{"line":21,"column":19},"end":{"line":21,"column":30}},"10":{"start":{"line":22,"column":20},"end":{"line":22,"column":79}},"11":{"start":{"line":23,"column":4},"end":{"line":26,"column":5}},"12":{"start":{"line":24,"column":6},"end":{"line":24,"column":27}},"13":{"start":{"line":25,"column":6},"end":{"line":25,"column":75}},"14":{"start":{"line":27,"column":4},"end":{"line":29,"column":66}},"15":{"start":{"line":31,"column":4},"end":{"line":31,"column":16}},"16":{"start":{"line":35,"column":15},"end":{"line":46,"column":1}},"17":{"start":{"line":36,"column":2},"end":{"line":45,"column":3}},"18":{"start":{"line":37,"column":19},"end":{"line":37,"column":30}},"19":{"start":{"line":38,"column":20},"end":{"line":38,"column":63}},"20":{"start":{"line":39,"column":4},"end":{"line":39,"column":78}},"21":{"start":{"line":41,"column":4},"end":{"line":43,"column":5}},"22":{"start":{"line":42,"column":6},"end":{"line":42,"column":25}},"23":{"start":{"line":44,"column":4},"end":{"line":44,"column":16}},"24":{"start":{"line":48,"column":15},"end":{"line":59,"column":1}},"25":{"start":{"line":49,"column":2},"end":{"line":58,"column":3}},"26":{"start":{"line":50,"column":19},"end":{"line":50,"column":30}},"27":{"start":{"line":51,"column":20},"end":{"line":51,"column":78}},"28":{"start":{"line":52,"column":4},"end":{"line":54,"column":5}},"29":{"start":{"line":53,"column":6},"end":{"line":53,"column":75}},"30":{"start":{"line":55,"column":4},"end":{"line":55,"column":74}},"31":{"start":{"line":57,"column":4},"end":{"line":57,"column":16}},"32":{"start":{"line":61,"column":15},"end":{"line":85,"column":1}},"33":{"start":{"line":62,"column":2},"end":{"line":84,"column":3}},"34":{"start":{"line":63,"column":19},"end":{"line":63,"column":30}},"35":{"start":{"line":64,"column":4},"end":{"line":64,"column":26}},"36":{"start":{"line":65,"column":20},"end":{"line":69,"column":5}},"37":{"start":{"line":71,"column":4},"end":{"line":78,"column":5}},"38":{"start":{"line":72,"column":6},"end":{"line":77,"column":9}},"39":{"start":{"line":79,"column":4},"end":{"line":81,"column":66}},"40":{"start":{"line":83,"column":4},"end":{"line":83,"column":12}},"41":{"start":{"line":87,"column":0},"end":{"line":93,"column":2}}},"fnMap":{"0":{"name":"(anonymous_0)","decl":{"start":{"line":2,"column":15},"end":{"line":2,"column":16}},"loc":{"start":{"line":2,"column":41},"end":{"line":17,"column":1}},"line":2},"1":{"name":"(anonymous_1)","decl":{"start":{"line":19,"column":16},"end":{"line":19,"column":17}},"loc":{"start":{"line":19,"column":42},"end":{"line":33,"column":1}},"line":19},"2":{"name":"(anonymous_2)","decl":{"start":{"line":35,"column":15},"end":{"line":35,"column":16}},"loc":{"start":{"line":35,"column":41},"end":{"line":46,"column":1}},"line":35},"3":{"name":"(anonymous_3)","decl":{"start":{"line":48,"column":15},"end":{"line":48,"column":16}},"loc":{"start":{"line":48,"column":41},"end":{"line":59,"column":1}},"line":48},"4":{"name":"(anonymous_4)","decl":{"start":{"line":61,"column":15},"end":{"line":61,"column":16}},"loc":{"start":{"line":61,"column":41},"end":{"line":85,"column":1}},"line":61}},"branchMap":{"0":{"loc":{"start":{"line":23,"column":4},"end":{"line":26,"column":5}},"type":"if","locations":[{"start":{"line":23,"column":4},"end":{"line":26,"column":5}},{"start":{"line":23,"column":4},"end":{"line":26,"column":5}}],"line":23},"1":{"loc":{"start":{"line":41,"column":4},"end":{"line":43,"column":5}},"type":"if","locations":[{"start":{"line":41,"column":4},"end":{"line":43,"column":5}},{"start":{"line":41,"column":4},"end":{"line":43,"column":5}}],"line":41},"2":{"loc":{"start":{"line":52,"column":4},"end":{"line":54,"column":5}},"type":"if","locations":[{"start":{"line":52,"column":4},"end":{"line":54,"column":5}},{"start":{"line":52,"column":4},"end":{"line":54,"column":5}}],"line":52},"3":{"loc":{"start":{"line":71,"column":4},"end":{"line":78,"column":5}},"type":"if","locations":[{"start":{"line":71,"column":4},"end":{"line":78,"column":5}},{"start":{"line":71,"column":4},"end":{"line":78,"column":5}}],"line":71}},"s":{"0":3,"1":3,"2":0,"3":0,"4":0,"5":0,"6":0,"7":3,"8":0,"9":0,"10":0,"11":0,"12":0,"13":0,"14":0,"15":0,"16":3,"17":0,"18":0,"19":0,"20":0,"21":0,"22":0,"23":0,"24":3,"25":0,"26":0,"27":0,"28":0,"29":0,"30":0,"31":0,"32":3,"33":3,"34":3,"35":3,"36":3,"37":3,"38":0,"39":3,"40":0,"41":3},"f":{"0":0,"1":0,"2":0,"3":0,"4":3},"b":{"0":[0,0],"1":[0,0],"2":[0,0],"3":[0,3]},"_coverageSchema":"1a1c01bbd47fc00a2c39e90264f33305004495a9","hash":"f9bb2e70190336ea9f203eaa430340e957d432bf"}
,"E:\\Projects\\nodejs-homework-rest-api\\controllers\\users.js": {"path":"E:\\Projects\\nodejs-homework-rest-api\\controllers\\users.js","statementMap":{"0":{"start":{"line":1,"column":12},"end":{"line":1,"column":35}},"1":{"start":{"line":2,"column":11},"end":{"line":2,"column":33}},"2":{"start":{"line":4,"column":21},"end":{"line":4,"column":49}},"3":{"start":{"line":5,"column":14},"end":{"line":5,"column":46}},"4":{"start":{"line":6,"column":21},"end":{"line":6,"column":52}},"5":{"start":{"line":10,"column":4},"end":{"line":10,"column":39}},"6":{"start":{"line":11,"column":0},"end":{"line":11,"column":27}},"7":{"start":{"line":13,"column":28},"end":{"line":13,"column":63}},"8":{"start":{"line":14,"column":19},"end":{"line":14,"column":41}},"9":{"start":{"line":16,"column":17},"end":{"line":47,"column":1}},"10":{"start":{"line":17,"column":2},"end":{"line":46,"column":3}},"11":{"start":{"line":18,"column":17},"end":{"line":18,"column":56}},"12":{"start":{"line":19,"column":4},"end":{"line":25,"column":5}},"13":{"start":{"line":20,"column":6},"end":{"line":24,"column":9}},"14":{"start":{"line":26,"column":61},"end":{"line":28,"column":5}},"15":{"start":{"line":30,"column":4},"end":{"line":38,"column":5}},"16":{"start":{"line":31,"column":27},"end":{"line":34,"column":7}},"17":{"start":{"line":35,"column":6},"end":{"line":35,"column":67}},"18":{"start":{"line":37,"column":6},"end":{"line":37,"column":33}},"19":{"start":{"line":39,"column":4},"end":{"line":43,"column":7}},"20":{"start":{"line":45,"column":4},"end":{"line":45,"column":16}},"21":{"start":{"line":49,"column":14},"end":{"line":68,"column":1}},"22":{"start":{"line":50,"column":2},"end":{"line":67,"column":3}},"23":{"start":{"line":51,"column":17},"end":{"line":51,"column":56}},"24":{"start":{"line":52,"column":28},"end":{"line":52,"column":74}},"25":{"start":{"line":53,"column":4},"end":{"line":59,"column":5}},"26":{"start":{"line":54,"column":6},"end":{"line":58,"column":9}},"27":{"start":{"line":60,"column":15},"end":{"line":60,"column":22}},"28":{"start":{"line":61,"column":20},"end":{"line":61,"column":51}},"29":{"start":{"line":62,"column":18},"end":{"line":62,"column":68}},"30":{"start":{"line":63,"column":4},"end":{"line":63,"column":39}},"31":{"start":{"line":64,"column":4},"end":{"line":64,"column":71}},"32":{"start":{"line":66,"column":4},"end":{"line":66,"column":16}},"33":{"start":{"line":70,"column":15},"end":{"line":79,"column":1}},"34":{"start":{"line":71,"column":2},"end":{"line":78,"column":3}},"35":{"start":{"line":72,"column":15},"end":{"line":72,"column":26}},"36":{"start":{"line":73,"column":4},"end":{"line":73,"column":38}},"37":{"start":{"line":75,"column":4},"end":{"line":75,"column":53}},"38":{"start":{"line":77,"column":4},"end":{"line":77,"column":16}},"39":{"start":{"line":101,"column":16},"end":{"line":115,"column":1}},"40":{"start":{"line":102,"column":2},"end":{"line":114,"column":3}},"41":{"start":{"line":103,"column":15},"end":{"line":103,"column":26}},"42":{"start":{"line":104,"column":20},"end":{"line":104,"column":45}},"43":{"start":{"line":105,"column":41},"end":{"line":108,"column":5}},"44":{"start":{"line":109,"column":4},"end":{"line":109,"column":35}},"45":{"start":{"line":110,"column":4},"end":{"line":110,"column":59}},"46":{"start":{"line":111,"column":4},"end":{"line":111,"column":68}},"47":{"start":{"line":113,"column":4},"end":{"line":113,"column":16}},"48":{"start":{"line":117,"column":15},"end":{"line":136,"column":1}},"49":{"start":{"line":118,"column":2},"end":{"line":135,"column":3}},"50":{"start":{"line":119,"column":17},"end":{"line":119,"column":64}},"51":{"start":{"line":120,"column":4},"end":{"line":127,"column":5}},"52":{"start":{"line":121,"column":6},"end":{"line":121,"column":57}},"53":{"start":{"line":122,"column":6},"end":{"line":126,"column":9}},"54":{"start":{"line":128,"column":4},"end":{"line":132,"column":7}},"55":{"start":{"line":134,"column":4},"end":{"line":134,"column":16}},"56":{"start":{"line":138,"column":32},"end":{"line":169,"column":1}},"57":{"start":{"line":139,"column":2},"end":{"line":168,"column":3}},"58":{"start":{"line":140,"column":17},"end":{"line":140,"column":56}},"59":{"start":{"line":141,"column":4},"end":{"line":160,"column":5}},"60":{"start":{"line":142,"column":55},"end":{"line":142,"column":59}},"61":{"start":{"line":143,"column":6},"end":{"line":154,"column":7}},"62":{"start":{"line":144,"column":29},"end":{"line":147,"column":9}},"63":{"start":{"line":148,"column":8},"end":{"line":148,"column":69}},"64":{"start":{"line":149,"column":8},"end":{"line":153,"column":11}},"65":{"start":{"line":155,"column":6},"end":{"line":159,"column":9}},"66":{"start":{"line":161,"column":4},"end":{"line":165,"column":7}},"67":{"start":{"line":167,"column":4},"end":{"line":167,"column":16}},"68":{"start":{"line":170,"column":0},"end":{"line":177,"column":2}}},"fnMap":{"0":{"name":"(anonymous_0)","decl":{"start":{"line":16,"column":17},"end":{"line":16,"column":18}},"loc":{"start":{"line":16,"column":43},"end":{"line":47,"column":1}},"line":16},"1":{"name":"(anonymous_1)","decl":{"start":{"line":49,"column":14},"end":{"line":49,"column":15}},"loc":{"start":{"line":49,"column":40},"end":{"line":68,"column":1}},"line":49},"2":{"name":"(anonymous_2)","decl":{"start":{"line":70,"column":15},"end":{"line":70,"column":16}},"loc":{"start":{"line":70,"column":41},"end":{"line":79,"column":1}},"line":70},"3":{"name":"(anonymous_3)","decl":{"start":{"line":101,"column":16},"end":{"line":101,"column":17}},"loc":{"start":{"line":101,"column":42},"end":{"line":115,"column":1}},"line":101},"4":{"name":"(anonymous_4)","decl":{"start":{"line":117,"column":15},"end":{"line":117,"column":16}},"loc":{"start":{"line":117,"column":41},"end":{"line":136,"column":1}},"line":117},"5":{"name":"(anonymous_5)","decl":{"start":{"line":138,"column":32},"end":{"line":138,"column":33}},"loc":{"start":{"line":138,"column":58},"end":{"line":169,"column":1}},"line":138}},"branchMap":{"0":{"loc":{"start":{"line":19,"column":4},"end":{"line":25,"column":5}},"type":"if","locations":[{"start":{"line":19,"column":4},"end":{"line":25,"column":5}},{"start":{"line":19,"column":4},"end":{"line":25,"column":5}}],"line":19},"1":{"loc":{"start":{"line":53,"column":4},"end":{"line":59,"column":5}},"type":"if","locations":[{"start":{"line":53,"column":4},"end":{"line":59,"column":5}},{"start":{"line":53,"column":4},"end":{"line":59,"column":5}}],"line":53},"2":{"loc":{"start":{"line":53,"column":8},"end":{"line":53,"column":53}},"type":"binary-expr","locations":[{"start":{"line":53,"column":8},"end":{"line":53,"column":13}},{"start":{"line":53,"column":17},"end":{"line":53,"column":33}},{"start":{"line":53,"column":37},"end":{"line":53,"column":53}}],"line":53},"3":{"loc":{"start":{"line":120,"column":4},"end":{"line":127,"column":5}},"type":"if","locations":[{"start":{"line":120,"column":4},"end":{"line":127,"column":5}},{"start":{"line":120,"column":4},"end":{"line":127,"column":5}}],"line":120},"4":{"loc":{"start":{"line":141,"column":4},"end":{"line":160,"column":5}},"type":"if","locations":[{"start":{"line":141,"column":4},"end":{"line":160,"column":5}},{"start":{"line":141,"column":4},"end":{"line":160,"column":5}}],"line":141},"5":{"loc":{"start":{"line":143,"column":6},"end":{"line":154,"column":7}},"type":"if","locations":[{"start":{"line":143,"column":6},"end":{"line":154,"column":7}},{"start":{"line":143,"column":6},"end":{"line":154,"column":7}}],"line":143}},"s":{"0":2,"1":2,"2":2,"3":2,"4":2,"5":2,"6":2,"7":2,"8":2,"9":2,"10":2,"11":2,"12":2,"13":0,"14":2,"15":0,"16":0,"17":0,"18":0,"19":0,"20":2,"21":2,"22":1,"23":1,"24":1,"25":1,"26":1,"27":0,"28":0,"29":0,"30":0,"31":0,"32":0,"33":2,"34":0,"35":0,"36":0,"37":0,"38":0,"39":2,"40":0,"41":0,"42":0,"43":0,"44":0,"45":0,"46":0,"47":0,"48":2,"49":0,"50":0,"51":0,"52":0,"53":0,"54":0,"55":0,"56":2,"57":0,"58":0,"59":0,"60":0,"61":0,"62":0,"63":0,"64":0,"65":0,"66":0,"67":0,"68":2},"f":{"0":2,"1":1,"2":0,"3":0,"4":0,"5":0},"b":{"0":[0,2],"1":[1,0],"2":[1,0,0],"3":[0,0],"4":[0,0],"5":[0,0]},"_coverageSchema":"1a1c01bbd47fc00a2c39e90264f33305004495a9","hash":"efc5a1cb13ed6f939bbf82fcb63927ee002a55b4"}
,"E:\\Projects\\nodejs-homework-rest-api\\helpers\\constants.js": {"path":"E:\\Projects\\nodejs-homework-rest-api\\helpers\\constants.js","statementMap":{"0":{"start":{"line":1,"column":15},"end":{"line":5,"column":1}},"1":{"start":{"line":7,"column":17},"end":{"line":18,"column":1}},"2":{"start":{"line":20,"column":19},"end":{"line":30,"column":1}},"3":{"start":{"line":24,"column":4},"end":{"line":28,"column":7}},"4":{"start":{"line":31,"column":0},"end":{"line":31,"column":50}}},"fnMap":{"0":{"name":"(anonymous_0)","decl":{"start":{"line":23,"column":11},"end":{"line":23,"column":12}},"loc":{"start":{"line":23,"column":31},"end":{"line":29,"column":3}},"line":23}},"branchMap":{},"s":{"0":3,"1":3,"2":3,"3":0,"4":3},"f":{"0":0},"b":{},"_coverageSchema":"1a1c01bbd47fc00a2c39e90264f33305004495a9","hash":"9d2a58b2485694d1140db4cdd4e6e6ac78b34d66"}
,"E:\\Projects\\nodejs-homework-rest-api\\helpers\\guard.js": {"path":"E:\\Projects\\nodejs-homework-rest-api\\helpers\\guard.js","statementMap":{"0":{"start":{"line":1,"column":17},"end":{"line":1,"column":36}},"1":{"start":{"line":2,"column":0},"end":{"line":2,"column":30}},"2":{"start":{"line":3,"column":21},"end":{"line":3,"column":43}},"3":{"start":{"line":5,"column":14},"end":{"line":24,"column":1}},"4":{"start":{"line":6,"column":2},"end":{"line":23,"column":21}},"5":{"start":{"line":7,"column":23},"end":{"line":7,"column":47}},"6":{"start":{"line":8,"column":16},"end":{"line":8,"column":20}},"7":{"start":{"line":9,"column":4},"end":{"line":11,"column":5}},"8":{"start":{"line":10,"column":6},"end":{"line":10,"column":39}},"9":{"start":{"line":13,"column":4},"end":{"line":19,"column":5}},"10":{"start":{"line":14,"column":6},"end":{"line":18,"column":9}},"11":{"start":{"line":20,"column":4},"end":{"line":20,"column":20}},"12":{"start":{"line":21,"column":4},"end":{"line":21,"column":30}},"13":{"start":{"line":22,"column":4},"end":{"line":22,"column":18}},"14":{"start":{"line":26,"column":0},"end":{"line":26,"column":23}}},"fnMap":{"0":{"name":"(anonymous_0)","decl":{"start":{"line":5,"column":14},"end":{"line":5,"column":15}},"loc":{"start":{"line":5,"column":34},"end":{"line":24,"column":1}},"line":5},"1":{"name":"(anonymous_1)","decl":{"start":{"line":6,"column":51},"end":{"line":6,"column":52}},"loc":{"start":{"line":6,"column":66},"end":{"line":23,"column":3}},"line":6}},"branchMap":{"0":{"loc":{"start":{"line":9,"column":4},"end":{"line":11,"column":5}},"type":"if","locations":[{"start":{"line":9,"column":4},"end":{"line":11,"column":5}},{"start":{"line":9,"column":4},"end":{"line":11,"column":5}}],"line":9},"1":{"loc":{"start":{"line":13,"column":4},"end":{"line":19,"column":5}},"type":"if","locations":[{"start":{"line":13,"column":4},"end":{"line":19,"column":5}},{"start":{"line":13,"column":4},"end":{"line":19,"column":5}}],"line":13},"2":{"loc":{"start":{"line":13,"column":8},"end":{"line":13,"column":45}},"type":"binary-expr","locations":[{"start":{"line":13,"column":8},"end":{"line":13,"column":11}},{"start":{"line":13,"column":15},"end":{"line":13,"column":20}},{"start":{"line":13,"column":24},"end":{"line":13,"column":45}}],"line":13}},"s":{"0":3,"1":3,"2":3,"3":3,"4":4,"5":4,"6":4,"7":4,"8":4,"9":4,"10":3,"11":1,"12":1,"13":1,"14":3},"f":{"0":4,"1":4},"b":{"0":[4,0],"1":[3,1],"2":[4,4,2]},"_coverageSchema":"1a1c01bbd47fc00a2c39e90264f33305004495a9","hash":"4e3493a55af7f4aa0e84655bb2ab2dd08b0aa98e"}
,"E:\\Projects\\nodejs-homework-rest-api\\helpers\\upload.js": {"path":"E:\\Projects\\nodejs-homework-rest-api\\helpers\\upload.js","statementMap":{"0":{"start":{"line":1,"column":15},"end":{"line":1,"column":32}},"1":{"start":{"line":3,"column":0},"end":{"line":3,"column":27}},"2":{"start":{"line":4,"column":19},"end":{"line":4,"column":41}},"3":{"start":{"line":6,"column":16},"end":{"line":13,"column":2}},"4":{"start":{"line":8,"column":4},"end":{"line":8,"column":25}},"5":{"start":{"line":11,"column":4},"end":{"line":11,"column":62}},"6":{"start":{"line":15,"column":15},"end":{"line":27,"column":2}},"7":{"start":{"line":19,"column":4},"end":{"line":22,"column":5}},"8":{"start":{"line":20,"column":6},"end":{"line":20,"column":21}},"9":{"start":{"line":21,"column":6},"end":{"line":21,"column":13}},"10":{"start":{"line":23,"column":18},"end":{"line":23,"column":59}},"11":{"start":{"line":24,"column":4},"end":{"line":24,"column":23}},"12":{"start":{"line":25,"column":4},"end":{"line":25,"column":14}},"13":{"start":{"line":29,"column":0},"end":{"line":29,"column":24}}},"fnMap":{"0":{"name":"(anonymous_0)","decl":{"start":{"line":7,"column":15},"end":{"line":7,"column":16}},"loc":{"start":{"line":7,"column":40},"end":{"line":9,"column":3}},"line":7},"1":{"name":"(anonymous_1)","decl":{"start":{"line":10,"column":12},"end":{"line":10,"column":13}},"loc":{"start":{"line":10,"column":37},"end":{"line":12,"column":3}},"line":10},"2":{"name":"(anonymous_2)","decl":{"start":{"line":18,"column":14},"end":{"line":18,"column":15}},"loc":{"start":{"line":18,"column":33},"end":{"line":26,"column":3}},"line":18}},"branchMap":{"0":{"loc":{"start":{"line":19,"column":4},"end":{"line":22,"column":5}},"type":"if","locations":[{"start":{"line":19,"column":4},"end":{"line":22,"column":5}},{"start":{"line":19,"column":4},"end":{"line":22,"column":5}}],"line":19}},"s":{"0":2,"1":2,"2":2,"3":2,"4":0,"5":0,"6":2,"7":0,"8":0,"9":0,"10":0,"11":0,"12":0,"13":2},"f":{"0":0,"1":0,"2":0},"b":{"0":[0,0]},"_coverageSchema":"1a1c01bbd47fc00a2c39e90264f33305004495a9","hash":"7f711d47e2869956c004dae19d3461279fd24c47"}
,"E:\\Projects\\nodejs-homework-rest-api\\model\\contact.js": {"path":"E:\\Projects\\nodejs-homework-rest-api\\model\\contact.js","statementMap":{"0":{"start":{"line":1,"column":17},"end":{"line":1,"column":36}},"1":{"start":{"line":2,"column":39},"end":{"line":2,"column":47}},"2":{"start":{"line":3,"column":25},"end":{"line":3,"column":56}},"3":{"start":{"line":5,"column":22},"end":{"line":44,"column":1}},"4":{"start":{"line":45,"column":0},"end":{"line":47,"column":3}},"5":{"start":{"line":46,"column":2},"end":{"line":46,"column":35}},"6":{"start":{"line":48,"column":0},"end":{"line":51,"column":3}},"7":{"start":{"line":49,"column":13},"end":{"line":49,"column":24}},"8":{"start":{"line":50,"column":2},"end":{"line":50,"column":32}},"9":{"start":{"line":53,"column":0},"end":{"line":53,"column":39}},"10":{"start":{"line":54,"column":16},"end":{"line":54,"column":47}},"11":{"start":{"line":55,"column":0},"end":{"line":55,"column":25}}},"fnMap":{"0":{"name":"(anonymous_0)","decl":{"start":{"line":45,"column":34},"end":{"line":45,"column":35}},"loc":{"start":{"line":45,"column":46},"end":{"line":47,"column":1}},"line":45},"1":{"name":"(anonymous_1)","decl":{"start":{"line":48,"column":36},"end":{"line":48,"column":37}},"loc":{"start":{"line":48,"column":47},"end":{"line":51,"column":1}},"line":48}},"branchMap":{},"s":{"0":3,"1":3,"2":3,"3":3,"4":3,"5":0,"6":3,"7":0,"8":0,"9":3,"10":3,"11":3},"f":{"0":0,"1":0},"b":{},"_coverageSchema":"1a1c01bbd47fc00a2c39e90264f33305004495a9","hash":"48ed0b1167f08f4f8dfb934f70a17d0fea3686d6"}
,"E:\\Projects\\nodejs-homework-rest-api\\model\\db.js": {"path":"E:\\Projects\\nodejs-homework-rest-api\\model\\db.js","statementMap":{"0":{"start":{"line":1,"column":17},"end":{"line":1,"column":36}},"1":{"start":{"line":2,"column":0},"end":{"line":2,"column":27}},"2":{"start":{"line":3,"column":12},"end":{"line":3,"column":16}},"3":{"start":{"line":4,"column":0},"end":{"line":8,"column":1}},"4":{"start":{"line":5,"column":2},"end":{"line":5,"column":34}},"5":{"start":{"line":7,"column":2},"end":{"line":7,"column":29}},"6":{"start":{"line":10,"column":11},"end":{"line":16,"column":2}},"7":{"start":{"line":18,"column":0},"end":{"line":28,"column":1}},"8":{"start":{"line":19,"column":2},"end":{"line":21,"column":5}},"9":{"start":{"line":20,"column":4},"end":{"line":20,"column":44}},"10":{"start":{"line":22,"column":2},"end":{"line":24,"column":5}},"11":{"start":{"line":23,"column":4},"end":{"line":23,"column":58}},"12":{"start":{"line":25,"column":2},"end":{"line":27,"column":5}},"13":{"start":{"line":26,"column":4},"end":{"line":26,"column":42}},"14":{"start":{"line":29,"column":0},"end":{"line":34,"column":3}},"15":{"start":{"line":30,"column":2},"end":{"line":33,"column":5}},"16":{"start":{"line":31,"column":4},"end":{"line":31,"column":47}},"17":{"start":{"line":32,"column":4},"end":{"line":32,"column":20}},"18":{"start":{"line":36,"column":0},"end":{"line":36,"column":20}}},"fnMap":{"0":{"name":"(anonymous_0)","decl":{"start":{"line":19,"column":38},"end":{"line":19,"column":39}},"loc":{"start":{"line":19,"column":44},"end":{"line":21,"column":3}},"line":19},"1":{"name":"(anonymous_1)","decl":{"start":{"line":22,"column":34},"end":{"line":22,"column":35}},"loc":{"start":{"line":22,"column":41},"end":{"line":24,"column":3}},"line":22},"2":{"name":"(anonymous_2)","decl":{"start":{"line":25,"column":41},"end":{"line":25,"column":42}},"loc":{"start":{"line":25,"column":48},"end":{"line":27,"column":3}},"line":25},"3":{"name":"(anonymous_3)","decl":{"start":{"line":29,"column":21},"end":{"line":29,"column":22}},"loc":{"start":{"line":29,"column":33},"end":{"line":34,"column":1}},"line":29},"4":{"name":"(anonymous_4)","decl":{"start":{"line":30,"column":28},"end":{"line":30,"column":29}},"loc":{"start":{"line":30,"column":34},"end":{"line":33,"column":3}},"line":30}},"branchMap":{"0":{"loc":{"start":{"line":4,"column":0},"end":{"line":8,"column":1}},"type":"if","locations":[{"start":{"line":4,"column":0},"end":{"line":8,"column":1}},{"start":{"line":4,"column":0},"end":{"line":8,"column":1}}],"line":4},"1":{"loc":{"start":{"line":18,"column":0},"end":{"line":28,"column":1}},"type":"if","locations":[{"start":{"line":18,"column":0},"end":{"line":28,"column":1}},{"start":{"line":18,"column":0},"end":{"line":28,"column":1}}],"line":18}},"s":{"0":2,"1":2,"2":2,"3":2,"4":2,"5":0,"6":2,"7":2,"8":0,"9":0,"10":0,"11":0,"12":0,"13":0,"14":2,"15":0,"16":0,"17":0,"18":2},"f":{"0":0,"1":0,"2":0,"3":0,"4":0},"b":{"0":[2,0],"1":[0,2]},"_coverageSchema":"1a1c01bbd47fc00a2c39e90264f33305004495a9","hash":"ff163a590acafe87fe16b1e8fcb2e47658ad052e"}
,"E:\\Projects\\nodejs-homework-rest-api\\model\\user.js": {"path":"E:\\Projects\\nodejs-homework-rest-api\\model\\user.js","statementMap":{"0":{"start":{"line":1,"column":26},"end":{"line":1,"column":45}},"1":{"start":{"line":2,"column":11},"end":{"line":2,"column":30}},"2":{"start":{"line":3,"column":19},"end":{"line":3,"column":50}},"3":{"start":{"line":4,"column":15},"end":{"line":4,"column":34}},"4":{"start":{"line":5,"column":19},"end":{"line":5,"column":36}},"5":{"start":{"line":8,"column":25},"end":{"line":8,"column":26}},"6":{"start":{"line":9,"column":19},"end":{"line":52,"column":1}},"7":{"start":{"line":26,"column":19},"end":{"line":26,"column":34}},"8":{"start":{"line":27,"column":8},"end":{"line":27,"column":52}},"9":{"start":{"line":41,"column":8},"end":{"line":41,"column":54}},"10":{"start":{"line":54,"column":0},"end":{"line":60,"column":3}},"11":{"start":{"line":55,"column":2},"end":{"line":58,"column":3}},"12":{"start":{"line":56,"column":17},"end":{"line":56,"column":55}},"13":{"start":{"line":57,"column":4},"end":{"line":57,"column":59}},"14":{"start":{"line":59,"column":2},"end":{"line":59,"column":9}},"15":{"start":{"line":62,"column":0},"end":{"line":64,"column":2}},"16":{"start":{"line":63,"column":2},"end":{"line":63,"column":55}},"17":{"start":{"line":65,"column":13},"end":{"line":65,"column":39}},"18":{"start":{"line":66,"column":0},"end":{"line":66,"column":22}},"19":{"start":{"line":67,"column":0},"end":{"line":67,"column":24}},"20":{"start":{"line":68,"column":0},"end":{"line":68,"column":24}}},"fnMap":{"0":{"name":"(anonymous_0)","decl":{"start":{"line":25,"column":6},"end":{"line":25,"column":7}},"loc":{"start":{"line":25,"column":22},"end":{"line":28,"column":7}},"line":25},"1":{"name":"(anonymous_1)","decl":{"start":{"line":40,"column":15},"end":{"line":40,"column":16}},"loc":{"start":{"line":40,"column":27},"end":{"line":42,"column":7}},"line":40},"2":{"name":"(anonymous_2)","decl":{"start":{"line":54,"column":23},"end":{"line":54,"column":24}},"loc":{"start":{"line":54,"column":45},"end":{"line":60,"column":1}},"line":54},"3":{"name":"(anonymous_3)","decl":{"start":{"line":62,"column":37},"end":{"line":62,"column":38}},"loc":{"start":{"line":62,"column":63},"end":{"line":64,"column":1}},"line":62}},"branchMap":{"0":{"loc":{"start":{"line":55,"column":2},"end":{"line":58,"column":3}},"type":"if","locations":[{"start":{"line":55,"column":2},"end":{"line":58,"column":3}},{"start":{"line":55,"column":2},"end":{"line":58,"column":3}}],"line":55}},"s":{"0":3,"1":3,"2":3,"3":3,"4":3,"5":3,"6":3,"7":2,"8":2,"9":2,"10":3,"11":0,"12":0,"13":0,"14":0,"15":3,"16":0,"17":3,"18":3,"19":3,"20":3},"f":{"0":2,"1":2,"2":0,"3":0},"b":{"0":[0,0]},"_coverageSchema":"1a1c01bbd47fc00a2c39e90264f33305004495a9","hash":"af6de76e36fef808d1ea155c0bf0a64dc7e4fd1b"}
,"E:\\Projects\\nodejs-homework-rest-api\\repositories\\contacts.js": {"path":"E:\\Projects\\nodejs-homework-rest-api\\repositories\\contacts.js","statementMap":{"0":{"start":{"line":1,"column":16},"end":{"line":1,"column":43}},"1":{"start":{"line":12,"column":21},"end":{"line":37,"column":1}},"2":{"start":{"line":21,"column":6},"end":{"line":21,"column":11}},"3":{"start":{"line":22,"column":24},"end":{"line":22,"column":41}},"4":{"start":{"line":24,"column":2},"end":{"line":26,"column":3}},"5":{"start":{"line":25,"column":4},"end":{"line":25,"column":43}},"6":{"start":{"line":27,"column":18},"end":{"line":35,"column":4}},"7":{"start":{"line":36,"column":2},"end":{"line":36,"column":17}},"8":{"start":{"line":39,"column":23},"end":{"line":48,"column":1}},"9":{"start":{"line":40,"column":17},"end":{"line":46,"column":4}},"10":{"start":{"line":47,"column":2},"end":{"line":47,"column":16}},"11":{"start":{"line":50,"column":22},"end":{"line":56,"column":1}},"12":{"start":{"line":51,"column":17},"end":{"line":54,"column":4}},"13":{"start":{"line":55,"column":2},"end":{"line":55,"column":16}},"14":{"start":{"line":58,"column":19},"end":{"line":61,"column":1}},"15":{"start":{"line":59,"column":17},"end":{"line":59,"column":65}},"16":{"start":{"line":60,"column":2},"end":{"line":60,"column":16}},"17":{"start":{"line":63,"column":22},"end":{"line":70,"column":1}},"18":{"start":{"line":64,"column":17},"end":{"line":68,"column":3}},"19":{"start":{"line":69,"column":2},"end":{"line":69,"column":16}},"20":{"start":{"line":72,"column":0},"end":{"line":78,"column":2}}},"fnMap":{"0":{"name":"(anonymous_0)","decl":{"start":{"line":12,"column":21},"end":{"line":12,"column":22}},"loc":{"start":{"line":12,"column":46},"end":{"line":37,"column":1}},"line":12},"1":{"name":"(anonymous_1)","decl":{"start":{"line":39,"column":23},"end":{"line":39,"column":24}},"loc":{"start":{"line":39,"column":52},"end":{"line":48,"column":1}},"line":39},"2":{"name":"(anonymous_2)","decl":{"start":{"line":50,"column":22},"end":{"line":50,"column":23}},"loc":{"start":{"line":50,"column":51},"end":{"line":56,"column":1}},"line":50},"3":{"name":"(anonymous_3)","decl":{"start":{"line":58,"column":19},"end":{"line":58,"column":20}},"loc":{"start":{"line":58,"column":43},"end":{"line":61,"column":1}},"line":58},"4":{"name":"(anonymous_4)","decl":{"start":{"line":63,"column":22},"end":{"line":63,"column":23}},"loc":{"start":{"line":63,"column":57},"end":{"line":70,"column":1}},"line":63}},"branchMap":{"0":{"loc":{"start":{"line":18,"column":4},"end":{"line":18,"column":25}},"type":"default-arg","locations":[{"start":{"line":18,"column":21},"end":{"line":18,"column":25}}],"line":18},"1":{"loc":{"start":{"line":19,"column":4},"end":{"line":19,"column":13}},"type":"default-arg","locations":[{"start":{"line":19,"column":12},"end":{"line":19,"column":13}}],"line":19},"2":{"loc":{"start":{"line":20,"column":4},"end":{"line":20,"column":14}},"type":"default-arg","locations":[{"start":{"line":20,"column":13},"end":{"line":20,"column":14}}],"line":20},"3":{"loc":{"start":{"line":24,"column":2},"end":{"line":26,"column":3}},"type":"if","locations":[{"start":{"line":24,"column":2},"end":{"line":26,"column":3}},{"start":{"line":24,"column":2},"end":{"line":26,"column":3}}],"line":24},"4":{"loc":{"start":{"line":31,"column":10},"end":{"line":31,"column":44}},"type":"cond-expr","locations":[{"start":{"line":31,"column":19},"end":{"line":31,"column":39}},{"start":{"line":31,"column":42},"end":{"line":31,"column":44}}],"line":31},"5":{"loc":{"start":{"line":32,"column":10},"end":{"line":32,"column":53}},"type":"cond-expr","locations":[{"start":{"line":32,"column":23},"end":{"line":32,"column":48}},{"start":{"line":32,"column":51},"end":{"line":32,"column":53}}],"line":32},"6":{"loc":{"start":{"line":34,"column":12},"end":{"line":34,"column":53}},"type":"cond-expr","locations":[{"start":{"line":34,"column":21},"end":{"line":34,"column":48}},{"start":{"line":34,"column":51},"end":{"line":34,"column":53}}],"line":34}},"s":{"0":3,"1":3,"2":0,"3":0,"4":0,"5":0,"6":0,"7":0,"8":3,"9":0,"10":0,"11":3,"12":0,"13":0,"14":3,"15":0,"16":0,"17":3,"18":0,"19":0,"20":3},"f":{"0":0,"1":0,"2":0,"3":0,"4":0},"b":{"0":[0],"1":[0],"2":[0],"3":[0,0],"4":[0,0],"5":[0,0],"6":[0,0]},"_coverageSchema":"1a1c01bbd47fc00a2c39e90264f33305004495a9","hash":"50dd911f982045cbdd794061d72c418a5798f8ed"}
,"E:\\Projects\\nodejs-homework-rest-api\\repositories\\users.js": {"path":"E:\\Projects\\nodejs-homework-rest-api\\repositories\\users.js","statementMap":{"0":{"start":{"line":1,"column":13},"end":{"line":1,"column":37}},"1":{"start":{"line":3,"column":17},"end":{"line":5,"column":1}},"2":{"start":{"line":4,"column":2},"end":{"line":4,"column":33}},"3":{"start":{"line":7,"column":20},"end":{"line":9,"column":1}},"4":{"start":{"line":8,"column":2},"end":{"line":8,"column":39}},"5":{"start":{"line":11,"column":26},"end":{"line":13,"column":1}},"6":{"start":{"line":12,"column":2},"end":{"line":12,"column":45}},"7":{"start":{"line":15,"column":15},"end":{"line":18,"column":1}},"8":{"start":{"line":16,"column":15},"end":{"line":16,"column":29}},"9":{"start":{"line":17,"column":2},"end":{"line":17,"column":27}},"10":{"start":{"line":20,"column":20},"end":{"line":22,"column":1}},"11":{"start":{"line":21,"column":2},"end":{"line":21,"column":54}},"12":{"start":{"line":24,"column":26},"end":{"line":26,"column":1}},"13":{"start":{"line":25,"column":2},"end":{"line":25,"column":72}},"14":{"start":{"line":28,"column":21},"end":{"line":30,"column":1}},"15":{"start":{"line":29,"column":2},"end":{"line":29,"column":70}},"16":{"start":{"line":31,"column":0},"end":{"line":39,"column":2}}},"fnMap":{"0":{"name":"(anonymous_0)","decl":{"start":{"line":3,"column":17},"end":{"line":3,"column":18}},"loc":{"start":{"line":3,"column":31},"end":{"line":5,"column":1}},"line":3},"1":{"name":"(anonymous_1)","decl":{"start":{"line":7,"column":20},"end":{"line":7,"column":21}},"loc":{"start":{"line":7,"column":37},"end":{"line":9,"column":1}},"line":7},"2":{"name":"(anonymous_2)","decl":{"start":{"line":11,"column":26},"end":{"line":11,"column":27}},"loc":{"start":{"line":11,"column":49},"end":{"line":13,"column":1}},"line":11},"3":{"name":"(anonymous_3)","decl":{"start":{"line":15,"column":15},"end":{"line":15,"column":16}},"loc":{"start":{"line":15,"column":31},"end":{"line":18,"column":1}},"line":15},"4":{"name":"(anonymous_4)","decl":{"start":{"line":20,"column":20},"end":{"line":20,"column":21}},"loc":{"start":{"line":20,"column":41},"end":{"line":22,"column":1}},"line":20},"5":{"name":"(anonymous_5)","decl":{"start":{"line":24,"column":26},"end":{"line":24,"column":27}},"loc":{"start":{"line":24,"column":65},"end":{"line":26,"column":1}},"line":24},"6":{"name":"(anonymous_6)","decl":{"start":{"line":28,"column":21},"end":{"line":28,"column":22}},"loc":{"start":{"line":28,"column":65},"end":{"line":30,"column":1}},"line":28}},"branchMap":{"0":{"loc":{"start":{"line":28,"column":40},"end":{"line":28,"column":60}},"type":"default-arg","locations":[{"start":{"line":28,"column":56},"end":{"line":28,"column":60}}],"line":28}},"s":{"0":3,"1":3,"2":0,"3":3,"4":3,"5":3,"6":0,"7":3,"8":2,"9":2,"10":3,"11":0,"12":3,"13":0,"14":3,"15":0,"16":3},"f":{"0":0,"1":3,"2":0,"3":2,"4":0,"5":0,"6":0},"b":{"0":[0]},"_coverageSchema":"1a1c01bbd47fc00a2c39e90264f33305004495a9","hash":"b924fce0f12305be07d5bfde3f4ff718fe177b15"}
,"E:\\Projects\\nodejs-homework-rest-api\\routes\\api\\index.js": {"path":"E:\\Projects\\nodejs-homework-rest-api\\routes\\api\\index.js","statementMap":{"0":{"start":{"line":1,"column":16},"end":{"line":1,"column":34}},"1":{"start":{"line":2,"column":15},"end":{"line":2,"column":31}},"2":{"start":{"line":4,"column":0},"end":{"line":4,"column":41}},"3":{"start":{"line":5,"column":0},"end":{"line":5,"column":47}},"4":{"start":{"line":7,"column":0},"end":{"line":7,"column":24}}},"fnMap":{},"branchMap":{},"s":{"0":2,"1":2,"2":2,"3":2,"4":2},"f":{},"b":{},"_coverageSchema":"1a1c01bbd47fc00a2c39e90264f33305004495a9","hash":"fbdb4160917b8f2e094057b53f8b79ebc2a4fb59"}
,"E:\\Projects\\nodejs-homework-rest-api\\routes\\api\\contacts\\index.js": {"path":"E:\\Projects\\nodejs-homework-rest-api\\routes\\api\\contacts\\index.js","statementMap":{"0":{"start":{"line":1,"column":16},"end":{"line":1,"column":34}},"1":{"start":{"line":2,"column":15},"end":{"line":2,"column":31}},"2":{"start":{"line":3,"column":13},"end":{"line":3,"column":53}},"3":{"start":{"line":4,"column":14},"end":{"line":4,"column":47}},"4":{"start":{"line":11,"column":4},"end":{"line":11,"column":27}},"5":{"start":{"line":13,"column":0},"end":{"line":15,"column":58}},"6":{"start":{"line":17,"column":0},"end":{"line":26,"column":4}},"7":{"start":{"line":28,"column":0},"end":{"line":33,"column":2}},"8":{"start":{"line":35,"column":0},"end":{"line":35,"column":24}}},"fnMap":{},"branchMap":{},"s":{"0":2,"1":2,"2":2,"3":2,"4":2,"5":2,"6":2,"7":2,"8":2},"f":{},"b":{},"_coverageSchema":"1a1c01bbd47fc00a2c39e90264f33305004495a9","hash":"a35378eca53a3097dc70ee157f27230f88d0d50f"}
,"E:\\Projects\\nodejs-homework-rest-api\\routes\\api\\contacts\\validation.js": {"path":"E:\\Projects\\nodejs-homework-rest-api\\routes\\api\\contacts\\validation.js","statementMap":{"0":{"start":{"line":1,"column":12},"end":{"line":1,"column":26}},"1":{"start":{"line":2,"column":17},"end":{"line":2,"column":36}},"2":{"start":{"line":3,"column":28},"end":{"line":13,"column":2}},"3":{"start":{"line":15,"column":28},"end":{"line":24,"column":33}},"4":{"start":{"line":26,"column":34},"end":{"line":28,"column":2}},"5":{"start":{"line":30,"column":17},"end":{"line":40,"column":1}},"6":{"start":{"line":31,"column":2},"end":{"line":39,"column":3}},"7":{"start":{"line":32,"column":4},"end":{"line":32,"column":36}},"8":{"start":{"line":33,"column":4},"end":{"line":33,"column":11}},"9":{"start":{"line":35,"column":4},"end":{"line":38,"column":7}},"10":{"start":{"line":42,"column":0},"end":{"line":61,"column":2}},"11":{"start":{"line":44,"column":4},"end":{"line":44,"column":57}},"12":{"start":{"line":47,"column":4},"end":{"line":47,"column":57}},"13":{"start":{"line":50,"column":4},"end":{"line":50,"column":63}},"14":{"start":{"line":53,"column":4},"end":{"line":58,"column":5}},"15":{"start":{"line":54,"column":6},"end":{"line":57,"column":9}},"16":{"start":{"line":59,"column":4},"end":{"line":59,"column":11}},"17":{"start":{"line":62,"column":0},"end":{"line":62,"column":29}}},"fnMap":{"0":{"name":"(anonymous_0)","decl":{"start":{"line":30,"column":17},"end":{"line":30,"column":18}},"loc":{"start":{"line":30,"column":46},"end":{"line":40,"column":1}},"line":30},"1":{"name":"(anonymous_1)","decl":{"start":{"line":43,"column":27},"end":{"line":43,"column":28}},"loc":{"start":{"line":43,"column":47},"end":{"line":45,"column":3}},"line":43},"2":{"name":"(anonymous_2)","decl":{"start":{"line":46,"column":27},"end":{"line":46,"column":28}},"loc":{"start":{"line":46,"column":47},"end":{"line":48,"column":3}},"line":46},"3":{"name":"(anonymous_3)","decl":{"start":{"line":49,"column":33},"end":{"line":49,"column":34}},"loc":{"start":{"line":49,"column":53},"end":{"line":51,"column":3}},"line":49},"4":{"name":"(anonymous_4)","decl":{"start":{"line":52,"column":21},"end":{"line":52,"column":22}},"loc":{"start":{"line":52,"column":41},"end":{"line":60,"column":3}},"line":52}},"branchMap":{"0":{"loc":{"start":{"line":53,"column":4},"end":{"line":58,"column":5}},"type":"if","locations":[{"start":{"line":53,"column":4},"end":{"line":58,"column":5}},{"start":{"line":53,"column":4},"end":{"line":58,"column":5}}],"line":53}},"s":{"0":2,"1":2,"2":2,"3":2,"4":2,"5":2,"6":0,"7":0,"8":0,"9":0,"10":2,"11":0,"12":0,"13":0,"14":0,"15":0,"16":0,"17":2},"f":{"0":0,"1":0,"2":0,"3":0,"4":0},"b":{"0":[0,0]},"_coverageSchema":"1a1c01bbd47fc00a2c39e90264f33305004495a9","hash":"9f42b9303f2d687e69c847903ad6ab3853ff547c"}
,"E:\\Projects\\nodejs-homework-rest-api\\routes\\api\\users\\index.js": {"path":"E:\\Projects\\nodejs-homework-rest-api\\routes\\api\\users\\index.js","statementMap":{"0":{"start":{"line":1,"column":16},"end":{"line":1,"column":34}},"1":{"start":{"line":2,"column":15},"end":{"line":2,"column":31}},"2":{"start":{"line":3,"column":13},"end":{"line":3,"column":50}},"3":{"start":{"line":4,"column":14},"end":{"line":4,"column":47}},"4":{"start":{"line":5,"column":15},"end":{"line":5,"column":49}},"5":{"start":{"line":6,"column":0},"end":{"line":6,"column":40}},"6":{"start":{"line":7,"column":0},"end":{"line":7,"column":34}},"7":{"start":{"line":8,"column":0},"end":{"line":8,"column":43}},"8":{"start":{"line":9,"column":0},"end":{"line":9,"column":71}},"9":{"start":{"line":11,"column":0},"end":{"line":11,"column":42}},"10":{"start":{"line":12,"column":0},"end":{"line":12,"column":53}},"11":{"start":{"line":14,"column":0},"end":{"line":14,"column":24}}},"fnMap":{},"branchMap":{},"s":{"0":2,"1":2,"2":2,"3":2,"4":2,"5":2,"6":2,"7":2,"8":2,"9":2,"10":2,"11":2},"f":{},"b":{},"_coverageSchema":"1a1c01bbd47fc00a2c39e90264f33305004495a9","hash":"5d6b69f32bee95881c676cadea83215b02aa74c8"}
,"E:\\Projects\\nodejs-homework-rest-api\\services\\cloud-upload.js": {"path":"E:\\Projects\\nodejs-homework-rest-api\\services\\cloud-upload.js","statementMap":{"0":{"start":{"line":1,"column":19},"end":{"line":1,"column":43}},"1":{"start":{"line":2,"column":22},"end":{"line":2,"column":37}},"2":{"start":{"line":3,"column":0},"end":{"line":3,"column":27}},"3":{"start":{"line":4,"column":0},"end":{"line":8,"column":3}},"4":{"start":{"line":10,"column":20},"end":{"line":10,"column":57}},"5":{"start":{"line":15,"column":6},"end":{"line":19,"column":8}},"6":{"start":{"line":20,"column":4},"end":{"line":20,"column":40}},"7":{"start":{"line":24,"column":0},"end":{"line":24,"column":31}}},"fnMap":{"0":{"name":"(anonymous_0)","decl":{"start":{"line":13,"column":2},"end":{"line":13,"column":3}},"loc":{"start":{"line":13,"column":47},"end":{"line":21,"column":3}},"line":13}},"branchMap":{},"s":{"0":2,"1":2,"2":2,"3":2,"4":2,"5":0,"6":0,"7":2},"f":{"0":0},"b":{},"_coverageSchema":"1a1c01bbd47fc00a2c39e90264f33305004495a9","hash":"03dae87babcb6ae96bb7b9f335a70de36a45f599"}
,"E:\\Projects\\nodejs-homework-rest-api\\services\\email.js": {"path":"E:\\Projects\\nodejs-homework-rest-api\\services\\email.js","statementMap":{"0":{"start":{"line":1,"column":16},"end":{"line":1,"column":34}},"1":{"start":{"line":2,"column":0},"end":{"line":2,"column":27}},"2":{"start":{"line":6,"column":4},"end":{"line":6,"column":25}},"3":{"start":{"line":7,"column":4},"end":{"line":18,"column":5}},"4":{"start":{"line":9,"column":8},"end":{"line":9,"column":44}},"5":{"start":{"line":10,"column":8},"end":{"line":10,"column":14}},"6":{"start":{"line":12,"column":8},"end":{"line":12,"column":42}},"7":{"start":{"line":13,"column":8},"end":{"line":13,"column":14}},"8":{"start":{"line":16,"column":8},"end":{"line":16,"column":32}},"9":{"start":{"line":17,"column":8},"end":{"line":17,"column":14}},"10":{"start":{"line":21,"column":26},"end":{"line":27,"column":6}},"11":{"start":{"line":28,"column":18},"end":{"line":44,"column":5}},"12":{"start":{"line":45,"column":4},"end":{"line":45,"column":41}},"13":{"start":{"line":48,"column":22},"end":{"line":48,"column":78}},"14":{"start":{"line":49,"column":16},"end":{"line":53,"column":5}},"15":{"start":{"line":54,"column":19},"end":{"line":54,"column":46}},"16":{"start":{"line":55,"column":4},"end":{"line":55,"column":24}},"17":{"start":{"line":59,"column":0},"end":{"line":59,"column":30}}},"fnMap":{"0":{"name":"(anonymous_0)","decl":{"start":{"line":5,"column":2},"end":{"line":5,"column":3}},"loc":{"start":{"line":5,"column":27},"end":{"line":19,"column":3}},"line":5},"1":{"name":"(anonymous_1)","decl":{"start":{"line":47,"column":2},"end":{"line":47,"column":3}},"loc":{"start":{"line":47,"column":50},"end":{"line":56,"column":3}},"line":47}},"branchMap":{"0":{"loc":{"start":{"line":7,"column":4},"end":{"line":18,"column":5}},"type":"switch","locations":[{"start":{"line":8,"column":6},"end":{"line":10,"column":14}},{"start":{"line":11,"column":6},"end":{"line":13,"column":14}},{"start":{"line":15,"column":6},"end":{"line":17,"column":14}}],"line":7}},"s":{"0":2,"1":2,"2":0,"3":0,"4":0,"5":0,"6":0,"7":0,"8":0,"9":0,"10":0,"11":0,"12":0,"13":0,"14":0,"15":0,"16":0,"17":2},"f":{"0":0,"1":0},"b":{"0":[0,0,0]},"_coverageSchema":"1a1c01bbd47fc00a2c39e90264f33305004495a9","hash":"f7c8b86d270650efd159d8a7b86f7d17277d82bc"}
,"E:\\Projects\\nodejs-homework-rest-api\\services\\email.sender.js": {"path":"E:\\Projects\\nodejs-homework-rest-api\\services\\email.sender.js","statementMap":{"0":{"start":{"line":1,"column":15},"end":{"line":1,"column":40}},"1":{"start":{"line":2,"column":19},"end":{"line":2,"column":40}},"2":{"start":{"line":3,"column":0},"end":{"line":3,"column":27}},"3":{"start":{"line":6,"column":4},"end":{"line":6,"column":51}},"4":{"start":{"line":7,"column":4},"end":{"line":10,"column":7}},"5":{"start":{"line":16,"column":19},"end":{"line":24,"column":5}},"6":{"start":{"line":25,"column":24},"end":{"line":25,"column":58}},"7":{"start":{"line":26,"column":4},"end":{"line":26,"column":75}},"8":{"start":{"line":30,"column":0},"end":{"line":30,"column":66}}},"fnMap":{"0":{"name":"(anonymous_0)","decl":{"start":{"line":5,"column":2},"end":{"line":5,"column":3}},"loc":{"start":{"line":5,"column":18},"end":{"line":11,"column":3}},"line":5},"1":{"name":"(anonymous_1)","decl":{"start":{"line":15,"column":2},"end":{"line":15,"column":3}},"loc":{"start":{"line":15,"column":18},"end":{"line":27,"column":3}},"line":15}},"branchMap":{},"s":{"0":2,"1":2,"2":2,"3":0,"4":0,"5":0,"6":0,"7":0,"8":2},"f":{"0":0,"1":0},"b":{},"_coverageSchema":"1a1c01bbd47fc00a2c39e90264f33305004495a9","hash":"cc6ecda18296bab888108ac31ed75a98233401c8"}
,"E:\\Projects\\nodejs-homework-rest-api\\test\\data\\data.js": {"path":"E:\\Projects\\nodejs-homework-rest-api\\test\\data\\data.js","statementMap":{"0":{"start":{"line":1,"column":19},"end":{"line":5,"column":1}},"1":{"start":{"line":7,"column":16},"end":{"line":12,"column":1}},"2":{"start":{"line":14,"column":20},"end":{"line":19,"column":1}},"3":{"start":{"line":21,"column":0},"end":{"line":21,"column":54}}},"fnMap":{},"branchMap":{},"s":{"0":2,"1":2,"2":2,"3":2},"f":{},"b":{},"_coverageSchema":"1a1c01bbd47fc00a2c39e90264f33305004495a9","hash":"fde0d1b842684f05a3f1106a6001a8a36b26251f"}
}
