TN:
SF:app.js
FN:27,(anonymous_0)
FN:31,(anonymous_1)
FN:40,(anonymous_2)
FNF:3
FNH:1
FNDA:0,(anonymous_0)
FNDA:2,(anonymous_1)
FNDA:0,(anonymous_2)
DA:1,2
DA:2,2
DA:3,2
DA:5,2
DA:6,2
DA:7,2
DA:8,2
DA:9,2
DA:10,2
DA:11,2
DA:13,2
DA:15,2
DA:17,2
DA:18,2
DA:19,2
DA:20,2
DA:21,2
DA:22,2
DA:23,2
DA:25,2
DA:27,2
DA:28,0
DA:31,2
DA:32,2
DA:33,2
DA:40,2
DA:41,0
DA:44,2
LF:28
LH:26
BRDA:15,0,0,0
BRDA:15,0,1,2
BRDA:19,1,0,2
BRDA:19,1,1,0
BRDA:32,2,0,2
BRDA:32,2,1,2
BRDA:34,3,0,2
BRDA:34,3,1,0
BRF:8
BRH:5
end_of_record
TN:
SF:config\passport.js
FN:12,(anonymous_0)
FNF:1
FNH:0
FNDA:0,(anonymous_0)
DA:1,3
DA:3,3
DA:4,3
DA:5,3
DA:6,3
DA:7,3
DA:8,3
DA:9,3
DA:11,3
DA:13,0
DA:14,0
DA:15,0
DA:16,0
DA:18,0
DA:19,0
DA:21,0
DA:23,0
LF:17
LH:9
BRDA:15,0,0,0
BRDA:15,0,1,0
BRDA:18,1,0,0
BRDA:18,1,1,0
BRF:4
BRH:0
end_of_record
TN:
SF:controllers\contacts.js
FN:2,(anonymous_0)
FN:19,(anonymous_1)
FN:35,(anonymous_2)
FN:48,(anonymous_3)
FN:61,(anonymous_4)
FNF:5
FNH:1
FNDA:0,(anonymous_0)
FNDA:0,(anonymous_1)
FNDA:0,(anonymous_2)
FNDA:0,(anonymous_3)
FNDA:3,(anonymous_4)
DA:1,3
DA:2,3
DA:3,0
DA:4,0
DA:5,0
DA:9,0
DA:15,0
DA:19,3
DA:20,0
DA:21,0
DA:22,0
DA:23,0
DA:24,0
DA:25,0
DA:27,0
DA:31,0
DA:35,3
DA:36,0
DA:37,0
DA:38,0
DA:39,0
DA:41,0
DA:42,0
DA:44,0
DA:48,3
DA:49,0
DA:50,0
DA:51,0
DA:52,0
DA:53,0
DA:55,0
DA:57,0
DA:61,3
DA:62,3
DA:63,3
DA:64,3
DA:65,3
DA:71,3
DA:72,0
DA:79,3
DA:83,0
DA:87,3
LF:42
LH:13
BRDA:23,0,0,0
BRDA:23,0,1,0
BRDA:41,1,0,0
BRDA:41,1,1,0
BRDA:52,2,0,0
BRDA:52,2,1,0
BRDA:71,3,0,0
BRDA:71,3,1,3
BRF:8
BRH:1
end_of_record
TN:
SF:controllers\users.js
FN:16,(anonymous_0)
FN:49,(anonymous_1)
FN:70,(anonymous_2)
FN:101,(anonymous_3)
FN:117,(anonymous_4)
FN:138,(anonymous_5)
FNF:6
FNH:2
FNDA:2,(anonymous_0)
FNDA:1,(anonymous_1)
FNDA:0,(anonymous_2)
FNDA:0,(anonymous_3)
FNDA:0,(anonymous_4)
FNDA:0,(anonymous_5)
DA:1,2
DA:2,2
DA:4,2
DA:5,2
DA:6,2
DA:10,2
DA:11,2
DA:13,2
DA:14,2
DA:16,2
DA:17,2
DA:18,2
DA:19,2
DA:20,0
DA:26,2
DA:30,0
DA:31,0
DA:35,0
DA:37,0
DA:39,0
DA:45,2
DA:49,2
DA:50,1
DA:51,1
DA:52,1
DA:53,1
DA:54,1
DA:60,0
DA:61,0
DA:62,0
DA:63,0
DA:64,0
DA:66,0
DA:70,2
DA:71,0
DA:72,0
DA:73,0
DA:75,0
DA:77,0
DA:101,2
DA:102,0
DA:103,0
DA:104,0
DA:105,0
DA:109,0
DA:110,0
DA:111,0
DA:113,0
DA:117,2
DA:118,0
DA:119,0
DA:120,0
DA:121,0
DA:122,0
DA:128,0
DA:134,0
DA:138,2
DA:139,0
DA:140,0
DA:141,0
DA:142,0
DA:143,0
DA:144,0
DA:148,0
DA:149,0
DA:155,0
DA:161,0
DA:167,0
DA:170,2
LF:69
LH:26
BRDA:19,0,0,0
BRDA:19,0,1,2
BRDA:53,1,0,1
BRDA:53,1,1,0
BRDA:53,2,0,1
BRDA:53,2,1,0
BRDA:53,2,2,0
BRDA:120,3,0,0
BRDA:120,3,1,0
BRDA:141,4,0,0
BRDA:141,4,1,0
BRDA:143,5,0,0
BRDA:143,5,1,0
BRF:13
BRH:3
end_of_record
TN:
SF:helpers\constants.js
FN:23,(anonymous_0)
FNF:1
FNH:0
FNDA:0,(anonymous_0)
DA:1,3
DA:7,3
DA:20,3
DA:24,0
DA:31,3
LF:5
LH:4
BRF:0
BRH:0
end_of_record
TN:
SF:helpers\guard.js
FN:5,(anonymous_0)
FN:6,(anonymous_1)
FNF:2
FNH:2
FNDA:4,(anonymous_0)
FNDA:4,(anonymous_1)
DA:1,3
DA:2,3
DA:3,3
DA:5,3
DA:6,4
DA:7,4
DA:8,4
DA:9,4
DA:10,4
DA:13,4
DA:14,3
DA:20,1
DA:21,1
DA:22,1
DA:26,3
LF:15
LH:15
BRDA:9,0,0,4
BRDA:9,0,1,0
BRDA:13,1,0,3
BRDA:13,1,1,1
BRDA:13,2,0,4
BRDA:13,2,1,4
BRDA:13,2,2,2
BRF:7
BRH:6
end_of_record
TN:
SF:helpers\upload.js
FN:7,(anonymous_0)
FN:10,(anonymous_1)
FN:18,(anonymous_2)
FNF:3
FNH:0
FNDA:0,(anonymous_0)
FNDA:0,(anonymous_1)
FNDA:0,(anonymous_2)
DA:1,2
DA:3,2
DA:4,2
DA:6,2
DA:8,0
DA:11,0
DA:15,2
DA:19,0
DA:20,0
DA:21,0
DA:23,0
DA:24,0
DA:25,0
DA:29,2
LF:14
LH:6
BRDA:19,0,0,0
BRDA:19,0,1,0
BRF:2
BRH:0
end_of_record
TN:
SF:model\contact.js
FN:45,(anonymous_0)
FN:48,(anonymous_1)
FNF:2
FNH:0
FNDA:0,(anonymous_0)
FNDA:0,(anonymous_1)
DA:1,3
DA:2,3
DA:3,3
DA:5,3
DA:45,3
DA:46,0
DA:48,3
DA:49,0
DA:50,0
DA:53,3
DA:54,3
DA:55,3
LF:12
LH:9
BRF:0
BRH:0
end_of_record
TN:
SF:model\db.js
FN:19,(anonymous_0)
FN:22,(anonymous_1)
FN:25,(anonymous_2)
FN:29,(anonymous_3)
FN:30,(anonymous_4)
FNF:5
FNH:0
FNDA:0,(anonymous_0)
FNDA:0,(anonymous_1)
FNDA:0,(anonymous_2)
FNDA:0,(anonymous_3)
FNDA:0,(anonymous_4)
DA:1,2
DA:2,2
DA:3,2
DA:4,2
DA:5,2
DA:7,0
DA:10,2
DA:18,2
DA:19,0
DA:20,0
DA:22,0
DA:23,0
DA:25,0
DA:26,0
DA:29,2
DA:30,0
DA:31,0
DA:32,0
DA:36,2
LF:19
LH:9
BRDA:4,0,0,2
BRDA:4,0,1,0
BRDA:18,1,0,0
BRDA:18,1,1,2
BRF:4
BRH:2
end_of_record
TN:
SF:model\user.js
FN:25,(anonymous_0)
FN:40,(anonymous_1)
FN:54,(anonymous_2)
FN:62,(anonymous_3)
FNF:4
FNH:2
FNDA:2,(anonymous_0)
FNDA:2,(anonymous_1)
FNDA:0,(anonymous_2)
FNDA:0,(anonymous_3)
DA:1,3
DA:2,3
DA:3,3
DA:4,3
DA:5,3
DA:8,3
DA:9,3
DA:26,2
DA:27,2
DA:41,2
DA:54,3
DA:55,0
DA:56,0
DA:57,0
DA:59,0
DA:62,3
DA:63,0
DA:65,3
DA:66,3
DA:67,3
DA:68,3
LF:21
LH:16
BRDA:55,0,0,0
BRDA:55,0,1,0
BRF:2
BRH:0
end_of_record
TN:
SF:repositories\contacts.js
FN:12,(anonymous_0)
FN:39,(anonymous_1)
FN:50,(anonymous_2)
FN:58,(anonymous_3)
FN:63,(anonymous_4)
FNF:5
FNH:0
FNDA:0,(anonymous_0)
FNDA:0,(anonymous_1)
FNDA:0,(anonymous_2)
FNDA:0,(anonymous_3)
FNDA:0,(anonymous_4)
DA:1,3
DA:12,3
DA:21,0
DA:22,0
DA:24,0
DA:25,0
DA:27,0
DA:36,0
DA:39,3
DA:40,0
DA:47,0
DA:50,3
DA:51,0
DA:55,0
DA:58,3
DA:59,0
DA:60,0
DA:63,3
DA:64,0
DA:69,0
DA:72,3
LF:21
LH:7
BRDA:18,0,0,0
BRDA:19,1,0,0
BRDA:20,2,0,0
BRDA:24,3,0,0
BRDA:24,3,1,0
BRDA:31,4,0,0
BRDA:31,4,1,0
BRDA:32,5,0,0
BRDA:32,5,1,0
BRDA:34,6,0,0
BRDA:34,6,1,0
BRF:11
BRH:0
end_of_record
TN:
SF:repositories\users.js
FN:3,(anonymous_0)
FN:7,(anonymous_1)
FN:11,(anonymous_2)
FN:15,(anonymous_3)
FN:20,(anonymous_4)
FN:24,(anonymous_5)
FN:28,(anonymous_6)
FNF:7
FNH:2
FNDA:0,(anonymous_0)
FNDA:3,(anonymous_1)
FNDA:0,(anonymous_2)
FNDA:2,(anonymous_3)
FNDA:0,(anonymous_4)
FNDA:0,(anonymous_5)
FNDA:0,(anonymous_6)
DA:1,3
DA:3,3
DA:4,0
DA:7,3
DA:8,3
DA:11,3
DA:12,0
DA:15,3
DA:16,2
DA:17,2
DA:20,3
DA:21,0
DA:24,3
DA:25,0
DA:28,3
DA:29,0
DA:31,3
LF:17
LH:12
BRDA:28,0,0,0
BRF:1
BRH:0
end_of_record
TN:
SF:routes\api\index.js
FNF:0
FNH:0
DA:1,2
DA:2,2
DA:4,2
DA:5,2
DA:7,2
LF:5
LH:5
BRF:0
BRH:0
end_of_record
TN:
SF:routes\api\contacts\index.js
FNF:0
FNH:0
DA:1,2
DA:2,2
DA:3,2
DA:4,2
DA:11,2
DA:13,2
DA:17,2
DA:28,2
DA:35,2
LF:9
LH:9
BRF:0
BRH:0
end_of_record
TN:
SF:routes\api\contacts\validation.js
FN:30,(anonymous_0)
FN:43,(anonymous_1)
FN:46,(anonymous_2)
FN:49,(anonymous_3)
FN:52,(anonymous_4)
FNF:5
FNH:0
FNDA:0,(anonymous_0)
FNDA:0,(anonymous_1)
FNDA:0,(anonymous_2)
FNDA:0,(anonymous_3)
FNDA:0,(anonymous_4)
DA:1,2
DA:2,2
DA:3,2
DA:15,2
DA:26,2
DA:30,2
DA:31,0
DA:32,0
DA:33,0
DA:35,0
DA:42,2
DA:44,0
DA:47,0
DA:50,0
DA:53,0
DA:54,0
DA:59,0
DA:62,2
LF:18
LH:8
BRDA:53,0,0,0
BRDA:53,0,1,0
BRF:2
BRH:0
end_of_record
TN:
SF:routes\api\users\index.js
FNF:0
FNH:0
DA:1,2
DA:2,2
DA:3,2
DA:4,2
DA:5,2
DA:6,2
DA:7,2
DA:8,2
DA:9,2
DA:11,2
DA:12,2
DA:14,2
LF:12
LH:12
BRF:0
BRH:0
end_of_record
TN:
SF:services\cloud-upload.js
FN:13,(anonymous_0)
FNF:1
FNH:0
FNDA:0,(anonymous_0)
DA:1,2
DA:2,2
DA:3,2
DA:4,2
DA:10,2
DA:15,0
DA:20,0
DA:24,2
LF:8
LH:6
BRF:0
BRH:0
end_of_record
TN:
SF:services\email.js
FN:5,(anonymous_0)
FN:47,(anonymous_1)
FNF:2
FNH:0
FNDA:0,(anonymous_0)
FNDA:0,(anonymous_1)
DA:1,2
DA:2,2
DA:6,0
DA:7,0
DA:9,0
DA:10,0
DA:12,0
DA:13,0
DA:16,0
DA:17,0
DA:21,0
DA:28,0
DA:45,0
DA:48,0
DA:49,0
DA:54,0
DA:55,0
DA:59,2
LF:18
LH:3
BRDA:7,0,0,0
BRDA:7,0,1,0
BRDA:7,0,2,0
BRF:3
BRH:0
end_of_record
TN:
SF:services\email.sender.js
FN:5,(anonymous_0)
FN:15,(anonymous_1)
FNF:2
FNH:0
FNDA:0,(anonymous_0)
FNDA:0,(anonymous_1)
DA:1,2
DA:2,2
DA:3,2
DA:6,0
DA:7,0
DA:16,0
DA:25,0
DA:26,0
DA:30,2
LF:9
LH:4
BRF:0
BRH:0
end_of_record
TN:
SF:test\data\data.js
FNF:0
FNH:0
DA:1,2
DA:7,2
DA:14,2
DA:21,2
LF:4
LH:4
BRF:0
BRH:0
end_of_record
